<?xml version="1.0" encoding="UTF-8"?>
<!-- Generated by org.testng.reporters.JUnitReportReporter -->
<testsuite hostname="LAPTOP-TJ90QNAB" name="example.NewTest" tests="1" failures="0" timestamp="26 Jan 2017 17:07:07 GMT" time="0.015" errors="0">
  <testcase name="f" time="0.015" classname="example.NewTest"/>
</testsuite> <!-- example.NewTest -->
